TN:
SF:actions\user-actions.ts
FN:30,createUser
FN:60,updateUser
FN:91,deleteUser
FN:113,getUsers
FN:141,getUserById
FNF:5
FNH:0
FNDA:0,createUser
FNDA:0,updateUser
FNDA:0,deleteUser
FNDA:0,getUsers
FNDA:0,getUserById
DA:31,0
DA:32,0
DA:34,0
DA:35,0
DA:38,0
DA:41,0
DA:45,0
DA:46,0
DA:49,0
DA:54,0
DA:56,0
DA:61,0
DA:62,0
DA:64,0
DA:65,0
DA:69,0
DA:70,0
DA:73,0
DA:75,0
DA:81,0
DA:82,0
DA:85,0
DA:87,0
DA:92,0
DA:93,0
DA:95,0
DA:96,0
DA:99,0
DA:101,0
DA:103,0
DA:104,0
DA:107,0
DA:109,0
DA:114,0
DA:115,0
DA:117,0
DA:118,0
DA:121,0
DA:123,0
DA:125,0
DA:126,0
DA:129,0
DA:130,0
DA:133,0
DA:135,0
DA:137,0
DA:142,0
DA:143,0
DA:145,0
DA:146,0
DA:149,0
DA:151,0
DA:153,0
DA:154,0
DA:158,0
DA:159,0
DA:162,0
DA:164,0
LF:58
LH:0
BRDA:34,0,0,0
BRDA:34,0,1,0
BRDA:34,1,0,0
BRDA:34,1,1,0
BRDA:45,2,0,0
BRDA:45,2,1,0
BRDA:64,3,0,0
BRDA:64,3,1,0
BRDA:69,4,0,0
BRDA:69,4,1,0
BRDA:69,5,0,0
BRDA:69,5,1,0
BRDA:81,6,0,0
BRDA:81,6,1,0
BRDA:95,7,0,0
BRDA:95,7,1,0
BRDA:95,8,0,0
BRDA:95,8,1,0
BRDA:103,9,0,0
BRDA:103,9,1,0
BRDA:113,10,0,0
BRDA:117,11,0,0
BRDA:117,11,1,0
BRDA:117,12,0,0
BRDA:117,12,1,0
BRDA:117,12,2,0
BRDA:125,13,0,0
BRDA:125,13,1,0
BRDA:129,14,0,0
BRDA:129,14,1,0
BRDA:145,15,0,0
BRDA:145,15,1,0
BRDA:153,16,0,0
BRDA:153,16,1,0
BRDA:158,17,0,0
BRDA:158,17,1,0
BRDA:158,18,0,0
BRDA:158,18,1,0
BRF:38
BRH:0
end_of_record
TN:
SF:actions\area\addResident.ts
FN:7,addResidentToArea
FN:20,(anonymous_1)
FNF:2
FNH:0
FNDA:0,addResidentToArea
FNDA:0,(anonymous_1)
DA:8,0
DA:10,0
DA:11,0
DA:13,0
DA:14,0
DA:18,0
DA:20,0
DA:23,0
DA:24,0
DA:25,0
DA:28,0
LF:11
LH:0
BRDA:13,0,0,0
BRDA:13,0,1,0
BRDA:13,1,0,0
BRDA:13,1,1,0
BRDA:23,2,0,0
BRDA:23,2,1,0
BRF:6
BRH:0
end_of_record
TN:
SF:actions\area\addTeacher.ts
FN:7,addTeacherToArea
FN:20,(anonymous_1)
FNF:2
FNH:0
FNDA:0,addTeacherToArea
FNDA:0,(anonymous_1)
DA:8,0
DA:10,0
DA:11,0
DA:13,0
DA:14,0
DA:18,0
DA:20,0
DA:23,0
DA:24,0
DA:25,0
DA:28,0
LF:11
LH:0
BRDA:13,0,0,0
BRDA:13,0,1,0
BRDA:13,1,0,0
BRDA:13,1,1,0
BRDA:23,2,0,0
BRDA:23,2,1,0
BRF:6
BRH:0
end_of_record
TN:
SF:actions\area\create.ts
FN:6,createArea
FNF:1
FNH:0
FNDA:0,createArea
DA:7,0
DA:8,0
DA:9,0
DA:11,0
DA:16,0
DA:18,0
LF:6
LH:0
BRF:0
BRH:0
end_of_record
TN:
SF:actions\area\delete.ts
FN:7,deleteArea
FNF:1
FNH:0
FNDA:0,deleteArea
DA:8,0
DA:10,0
DA:12,0
LF:3
LH:0
BRF:0
BRH:0
end_of_record
TN:
SF:actions\area\deleteResident.ts
FN:6,deleteResidentFromArea
FNF:1
FNH:0
FNDA:0,deleteResidentFromArea
DA:7,0
DA:9,0
LF:2
LH:0
BRF:0
BRH:0
end_of_record
TN:
SF:actions\area\deleteTeacher.ts
FN:6,deleteTeacherFromArea
FNF:1
FNH:0
FNDA:0,deleteTeacherFromArea
DA:7,0
DA:9,0
LF:2
LH:0
BRF:0
BRH:0
end_of_record
TN:
SF:actions\area\get.ts
FN:8,getArea
FNF:1
FNH:0
FNDA:0,getArea
DA:9,0
DA:11,0
DA:18,0
LF:3
LH:0
BRF:0
BRH:0
end_of_record
TN:
SF:actions\area\getAll.ts
FN:6,getAllAreas
FNF:1
FNH:0
FNDA:0,getAllAreas
DA:7,0
DA:9,0
DA:13,0
LF:3
LH:0
BRF:0
BRH:0
end_of_record
TN:
SF:actions\area\getByUser.ts
FN:10,getArea
FNF:1
FNH:0
FNDA:0,getArea
DA:11,0
DA:13,0
DA:14,0
DA:17,0
DA:18,0
DA:22,0
DA:44,0
LF:7
LH:0
BRDA:14,0,0,0
BRDA:14,0,1,0
BRDA:18,1,0,0
BRDA:18,1,1,0
BRF:4
BRH:0
end_of_record
TN:
SF:actions\area\update.ts
FN:6,updateArea
FNF:1
FNH:0
FNDA:0,updateArea
DA:7,0
DA:8,0
DA:9,0
DA:10,0
DA:12,0
DA:19,0
LF:6
LH:0
BRF:0
BRH:0
end_of_record
TN:
SF:actions\auth\login.ts
FN:13,loginWithGoogle
FN:17,loginWithMicrosoft
FNF:2
FNH:0
FNDA:0,loginWithGoogle
FNDA:0,loginWithMicrosoft
DA:14,0
DA:18,0
LF:2
LH:0
BRDA:14,0,0,0
BRDA:14,0,1,0
BRDA:18,1,0,0
BRDA:18,1,1,0
BRF:4
BRH:0
end_of_record
TN:
SF:actions\auth\logout.ts
FN:6,logout
FNF:1
FNH:0
FNDA:0,logout
DA:7,0
DA:8,0
LF:2
LH:0
BRF:0
BRH:0
end_of_record
TN:
SF:actions\record\complete.ts
FN:11,completeRecord
FN:24,(anonymous_1)
FN:25,(anonymous_2)
FNF:3
FNH:0
FNDA:0,completeRecord
FNDA:0,(anonymous_1)
FNDA:0,(anonymous_2)
DA:12,0
DA:13,0
DA:14,0
DA:15,0
DA:17,0
DA:18,0
DA:19,0
DA:20,0
DA:23,0
DA:24,0
DA:25,0
DA:30,0
DA:31,0
DA:33,0
DA:36,0
DA:37,0
DA:41,0
DA:47,0
DA:52,0
DA:53,0
DA:56,0
DA:58,0
DA:74,0
DA:78,0
LF:24
LH:0
BRDA:20,0,0,0
BRDA:20,0,1,0
BRDA:26,1,0,0
BRDA:26,1,1,0
BRDA:52,2,0,0
BRDA:52,2,1,0
BRDA:52,3,0,0
BRDA:52,3,1,0
BRDA:61,4,0,0
BRDA:61,4,1,0
BRDA:68,5,0,0
BRDA:68,5,1,0
BRF:12
BRH:0
end_of_record
TN:
SF:actions\record\create.ts
FN:7,createRecord
FN:37,(anonymous_1)
FN:42,(anonymous_2)
FNF:3
FNH:0
FNDA:0,createRecord
FNDA:0,(anonymous_1)
FNDA:0,(anonymous_2)
DA:8,0
DA:9,0
DA:10,0
DA:11,0
DA:12,0
DA:13,0
DA:14,0
DA:16,0
DA:17,0
DA:19,0
DA:20,0
DA:22,0
DA:23,0
DA:26,0
DA:27,0
DA:36,0
DA:40,0
DA:42,0
DA:50,0
DA:66,0
DA:68,0
LF:21
LH:0
BRDA:16,0,0,0
BRDA:16,0,1,0
BRDA:16,1,0,0
BRDA:16,1,1,0
BRDA:19,2,0,0
BRDA:19,2,1,0
BRDA:19,3,0,0
BRDA:19,3,1,0
BRDA:22,4,0,0
BRDA:22,4,1,0
BRDA:22,5,0,0
BRDA:22,5,1,0
BRF:12
BRH:0
end_of_record
TN:
SF:actions\record\getByID.ts
FN:14,getRecordByID
FNF:1
FNH:0
FNDA:0,getRecordByID
DA:15,0
DA:17,0
DA:37,0
DA:39,0
LF:4
LH:0
BRDA:37,0,0,0
BRDA:37,0,1,0
BRF:2
BRH:0
end_of_record
TN:
SF:actions\record\getByUser.ts
FN:17,getRecordsByCurrentUser
FN:29,getRecordsByResident
FN:67,getRecordsByTeacher
FNF:3
FNH:0
FNDA:0,getRecordsByCurrentUser
FNDA:0,getRecordsByResident
FNDA:0,getRecordsByTeacher
DA:18,0
DA:20,0
DA:21,0
DA:22,0
DA:23,0
DA:24,0
DA:25,0
DA:30,0
DA:32,0
DA:61,0
DA:68,0
DA:69,0
DA:90,0
LF:13
LH:0
BRDA:21,0,0,0
BRDA:21,0,1,0
BRDA:22,1,0,0
BRDA:22,1,1,0
BRDA:24,2,0,0
BRDA:24,2,1,0
BRF:6
BRH:0
end_of_record
TN:
SF:actions\record\getTeachersByUser.ts
FN:11,getTeachersByUser
FN:34,(anonymous_1)
FN:35,(anonymous_2)
FNF:3
FNH:0
FNDA:0,getTeachersByUser
FNDA:0,(anonymous_1)
FNDA:0,(anonymous_2)
DA:12,0
DA:14,0
DA:15,0
DA:18,0
DA:21,0
DA:22,0
DA:33,0
DA:34,0
DA:35,0
DA:36,0
DA:40,0
LF:11
LH:0
BRDA:15,0,0,0
BRDA:15,0,1,0
BRF:2
BRH:0
end_of_record
TN:
SF:actions\record\review.ts
FN:12,reviewRecord
FN:66,(anonymous_1)
FN:67,(anonymous_2)
FN:73,(anonymous_3)
FN:74,(anonymous_4)
FN:80,(anonymous_5)
FN:88,(anonymous_6)
FNF:7
FNH:0
FNDA:0,reviewRecord
FNDA:0,(anonymous_1)
FNDA:0,(anonymous_2)
FNDA:0,(anonymous_3)
FNDA:0,(anonymous_4)
FNDA:0,(anonymous_5)
FNDA:0,(anonymous_6)
DA:13,0
DA:14,0
DA:15,0
DA:16,0
DA:17,0
DA:18,0
DA:20,0
DA:21,0
DA:25,0
DA:27,0
DA:28,0
DA:31,0
DA:35,0
DA:36,0
DA:40,0
DA:44,0
DA:45,0
DA:48,0
DA:49,0
DA:50,0
DA:51,0
DA:52,0
DA:54,0
DA:55,0
DA:56,0
DA:57,0
DA:59,0
DA:60,0
DA:61,0
DA:62,0
DA:65,0
DA:66,0
DA:67,0
DA:72,0
DA:73,0
DA:74,0
DA:79,0
DA:80,0
DA:81,0
DA:82,0
DA:83,0
DA:87,0
DA:88,0
DA:89,0
DA:90,0
DA:94,0
DA:97,0
DA:101,0
DA:102,0
DA:103,0
DA:107,0
DA:108,0
DA:125,0
DA:129,0
LF:54
LH:0
BRDA:20,0,0,0
BRDA:20,0,1,0
BRDA:20,1,0,0
BRDA:20,1,1,0
BRDA:27,2,0,0
BRDA:27,2,1,0
BRDA:35,3,0,0
BRDA:35,3,1,0
BRDA:44,4,0,0
BRDA:44,4,1,0
BRDA:49,5,0,0
BRDA:49,5,1,0
BRDA:50,6,0,0
BRDA:50,6,1,0
BRDA:51,7,0,0
BRDA:51,7,1,0
BRDA:52,8,0,0
BRDA:52,8,1,0
BRDA:57,9,0,0
BRDA:57,9,1,0
BRDA:62,10,0,0
BRDA:62,10,1,0
BRDA:68,11,0,0
BRDA:68,11,1,0
BRDA:70,12,0,0
BRDA:70,12,1,0
BRDA:75,13,0,0
BRDA:75,13,1,0
BRDA:76,14,0,0
BRDA:76,14,1,0
BRDA:81,15,0,0
BRDA:81,15,1,0
BRDA:89,16,0,0
BRDA:89,16,1,0
BRDA:101,17,0,0
BRDA:101,17,1,0
BRDA:111,18,0,0
BRDA:111,18,1,0
BRDA:118,19,0,0
BRDA:118,19,1,0
BRF:40
BRH:0
end_of_record
TN:
SF:actions\record\updateStatus.ts
FN:6,updateStatus
FNF:1
FNH:0
FNDA:0,updateStatus
DA:7,0
DA:8,0
DA:9,0
DA:11,0
DA:12,0
DA:18,0
LF:6
LH:0
BRDA:9,0,0,0
BRDA:9,0,1,0
BRDA:11,1,0,0
BRDA:11,1,1,0
BRF:4
BRH:0
end_of_record
TN:
SF:actions\resident\create.ts
FN:22,createResident
FNF:1
FNH:0
FNDA:0,createResident
DA:14,0
DA:24,0
DA:27,0
DA:28,0
DA:29,0
DA:31,0
DA:32,0
DA:34,0
DA:35,0
DA:39,0
DA:41,0
DA:43,0
DA:44,0
DA:45,0
DA:47,0
DA:49,0
DA:50,0
DA:54,0
DA:57,0
DA:63,0
DA:66,0
DA:69,0
DA:72,0
DA:73,0
DA:74,0
DA:78,0
DA:79,0
DA:93,0
DA:98,0
LF:29
LH:0
BRDA:31,0,0,0
BRDA:31,0,1,0
BRDA:34,1,0,0
BRDA:34,1,1,0
BRDA:41,2,0,0
BRDA:41,2,1,0
BRDA:44,3,0,0
BRDA:44,3,1,0
BRDA:44,4,0,0
BRDA:44,4,1,0
BRDA:47,5,0,0
BRDA:47,5,1,0
BRDA:47,6,0,0
BRDA:47,6,1,0
BRDA:73,7,0,0
BRDA:73,7,1,0
BRDA:82,8,0,0
BRDA:82,8,1,0
BRDA:88,9,0,0
BRDA:88,9,1,0
BRDA:89,10,0,0
BRDA:89,10,1,0
BRF:22
BRH:0
end_of_record
TN:
SF:actions\resident\delete.ts
FN:9,deleteResident
FNF:1
FNH:0
FNDA:0,deleteResident
DA:10,0
DA:13,0
DA:14,0
DA:18,0
DA:24,0
DA:27,0
DA:28,0
DA:31,0
LF:8
LH:0
BRDA:13,0,0,0
BRDA:13,0,1,0
BRDA:27,1,0,0
BRDA:27,1,1,0
BRF:4
BRH:0
end_of_record
TN:
SF:actions\resident\getAll.ts
FN:9,getAllResident
FNF:1
FNH:0
FNDA:0,getAllResident
DA:10,0
DA:12,0
DA:19,0
LF:3
LH:0
BRF:0
BRH:0
end_of_record
TN:
SF:actions\resident\getByCurrentUser.ts
FN:8,getUserResident
FNF:1
FNH:0
FNDA:0,getUserResident
DA:9,0
DA:11,0
DA:12,0
DA:14,0
LF:4
LH:0
BRF:0
BRH:0
end_of_record
TN:
SF:actions\resident\getByID.ts
FN:13,getResidentByID
FNF:1
FNH:0
FNDA:0,getResidentByID
DA:14,0
DA:16,0
DA:24,0
DA:27,0
LF:4
LH:0
BRDA:24,0,0,0
BRDA:24,0,1,0
BRF:2
BRH:0
end_of_record
TN:
SF:actions\resident\seed.ts
FN:32,seedDummyResident
FN:37,(anonymous_1)
FNF:2
FNH:0
FNDA:0,seedDummyResident
FNDA:0,(anonymous_1)
DA:6,0
DA:33,0
DA:34,0
DA:35,0
DA:37,0
DA:38,0
DA:41,0
LF:7
LH:0
BRF:0
BRH:0
end_of_record
TN:
SF:actions\resident\update.ts
FN:19,updateResident
FNF:1
FNH:0
FNDA:0,updateResident
DA:12,0
DA:21,0
DA:24,0
DA:25,0
DA:26,0
DA:27,0
DA:29,0
DA:30,0
DA:31,0
DA:32,0
DA:35,0
DA:43,0
DA:48,0
DA:49,0
DA:53,0
DA:63,0
DA:64,0
DA:67,0
LF:18
LH:0
BRDA:24,0,0,0
BRDA:24,0,1,0
BRDA:25,1,0,0
BRDA:25,1,1,0
BRDA:26,2,0,0
BRDA:26,2,1,0
BRDA:27,3,0,0
BRDA:27,3,1,0
BRDA:29,4,0,0
BRDA:29,4,1,0
BRDA:30,5,0,0
BRDA:30,5,1,0
BRDA:31,6,0,0
BRDA:31,6,1,0
BRDA:32,7,0,0
BRDA:32,7,1,0
BRDA:48,8,0,0
BRDA:48,8,1,0
BRF:18
BRH:0
end_of_record
TN:
SF:actions\surgery\createSurgery.ts
FN:6,createSurgery
FN:31,(anonymous_1)
FN:32,(anonymous_2)
FNF:3
FNH:0
FNDA:0,createSurgery
FNDA:0,(anonymous_1)
FNDA:0,(anonymous_2)
DA:7,0
DA:9,0
DA:10,0
DA:11,0
DA:15,0
DA:17,0
DA:18,0
DA:19,0
DA:20,0
DA:25,0
DA:26,0
DA:27,0
DA:28,0
DA:30,0
DA:31,0
DA:33,0
DA:34,0
DA:37,0
DA:38,0
DA:40,0
DA:41,0
DA:42,0
DA:43,0
DA:44,0
DA:48,0
DA:49,0
DA:51,0
DA:52,0
DA:53,0
DA:59,0
DA:63,0
DA:66,0
DA:67,0
DA:69,0
LF:34
LH:0
BRDA:19,0,0,0
BRDA:19,0,1,0
BRDA:28,1,0,0
BRDA:28,1,1,0
BRDA:33,2,0,0
BRDA:33,2,1,0
BRDA:34,3,0,0
BRDA:34,3,1,0
BRDA:42,4,0,0
BRDA:42,4,1,0
BRDA:43,5,0,0
BRDA:43,5,1,0
BRDA:55,6,0,0
BRDA:55,6,1,0
BRF:14
BRH:0
end_of_record
TN:
SF:actions\surgery\deleteSurgery.ts
FN:7,deleteSurgery
FNF:1
FNH:0
FNDA:0,deleteSurgery
DA:8,0
DA:9,0
DA:10,0
DA:13,0
DA:16,0
LF:5
LH:0
BRDA:9,0,0,0
BRDA:9,0,1,0
BRF:2
BRH:0
end_of_record
TN:
SF:actions\surgery\getSugery.ts
FN:7,getSurgery
FNF:1
FNH:0
FNDA:0,getSurgery
DA:8,0
DA:11,0
DA:19,0
LF:3
LH:0
BRF:0
BRH:0
end_of_record
TN:
SF:actions\surgery\getSurgeries.ts
FN:7,getSurgeries
FNF:1
FNH:0
FNDA:0,getSurgeries
DA:8,0
DA:12,0
DA:15,0
DA:25,0
LF:4
LH:0
BRF:0
BRH:0
end_of_record
TN:
SF:actions\surgery\updateSurgery.ts
FN:6,updateSurgery
FN:36,(anonymous_1)
FN:37,(anonymous_2)
FNF:3
FNH:0
FNDA:0,updateSurgery
FNDA:0,(anonymous_1)
FNDA:0,(anonymous_2)
DA:7,0
DA:9,0
DA:10,0
DA:11,0
DA:12,0
DA:14,0
DA:15,0
DA:20,0
DA:22,0
DA:23,0
DA:24,0
DA:25,0
DA:30,0
DA:31,0
DA:32,0
DA:33,0
DA:35,0
DA:36,0
DA:38,0
DA:39,0
DA:42,0
DA:43,0
DA:45,0
DA:46,0
DA:47,0
DA:48,0
DA:49,0
DA:53,0
DA:54,0
DA:56,0
DA:57,0
DA:58,0
DA:64,0
DA:68,0
DA:71,0
DA:76,0
LF:36
LH:0
BRDA:14,0,0,0
BRDA:14,0,1,0
BRDA:24,1,0,0
BRDA:24,1,1,0
BRDA:33,2,0,0
BRDA:33,2,1,0
BRDA:38,3,0,0
BRDA:38,3,1,0
BRDA:39,4,0,0
BRDA:39,4,1,0
BRDA:47,5,0,0
BRDA:47,5,1,0
BRDA:48,6,0,0
BRDA:48,6,1,0
BRDA:60,7,0,0
BRDA:60,7,1,0
BRF:16
BRH:0
end_of_record
TN:
SF:actions\teacher\create.ts
FN:13,createTeacher
FNF:1
FNH:0
FNDA:0,createTeacher
DA:14,0
DA:16,0
DA:17,0
DA:18,0
DA:19,0
DA:21,0
DA:22,0
DA:26,0
DA:27,0
DA:28,0
DA:32,0
DA:34,0
DA:36,0
DA:41,0
DA:42,0
DA:47,0
DA:48,0
DA:49,0
DA:53,0
DA:54,0
DA:55,0
DA:56,0
DA:57,0
DA:62,0
DA:67,0
DA:70,0
DA:71,0
DA:85,0
DA:89,0
LF:29
LH:0
BRDA:16,0,0,0
BRDA:16,0,1,0
BRDA:17,1,0,0
BRDA:17,1,1,0
BRDA:21,2,0,0
BRDA:21,2,1,0
BRDA:21,3,0,0
BRDA:21,3,1,0
BRDA:27,4,0,0
BRDA:27,4,1,0
BRDA:34,5,0,0
BRDA:34,5,1,0
BRDA:38,6,0,0
BRDA:38,6,1,0
BRDA:41,7,0,0
BRDA:41,7,1,0
BRDA:41,8,0,0
BRDA:41,8,1,0
BRDA:48,9,0,0
BRDA:48,9,1,0
BRDA:54,10,0,0
BRDA:54,10,1,0
BRDA:54,11,0,0
BRDA:54,11,1,0
BRDA:56,12,0,0
BRDA:56,12,1,0
BRDA:74,13,0,0
BRDA:74,13,1,0
BRDA:80,14,0,0
BRDA:80,14,1,0
BRDA:81,15,0,0
BRDA:81,15,1,0
BRF:32
BRH:0
end_of_record
TN:
SF:actions\teacher\delete.ts
FN:10,deleteTeacher
FNF:1
FNH:0
FNDA:0,deleteTeacher
DA:11,0
DA:13,0
DA:14,0
DA:17,0
DA:23,0
DA:24,0
DA:27,0
DA:29,0
LF:8
LH:0
BRDA:13,0,0,0
BRDA:13,0,1,0
BRDA:23,1,0,0
BRDA:23,1,1,0
BRF:4
BRH:0
end_of_record
TN:
SF:actions\teacher\getAll.ts
FN:9,getAllTeachers
FNF:1
FNH:0
FNDA:0,getAllTeachers
DA:10,0
DA:12,0
DA:18,0
LF:3
LH:0
BRF:0
BRH:0
end_of_record
TN:
SF:actions\teacher\getByID.ts
FN:9,getTeacherByID
FN:25,getTeacherByUserID
FNF:2
FNH:0
FNDA:0,getTeacherByID
FNDA:0,getTeacherByUserID
DA:10,0
DA:12,0
DA:13,0
DA:15,0
DA:22,0
DA:26,0
DA:28,0
DA:29,0
DA:32,0
DA:39,0
LF:10
LH:0
BRDA:12,0,0,0
BRDA:12,0,1,0
BRDA:22,1,0,0
BRDA:22,1,1,0
BRDA:28,2,0,0
BRDA:28,2,1,0
BRDA:39,3,0,0
BRDA:39,3,1,0
BRF:8
BRH:0
end_of_record
TN:
SF:actions\teacher\getResidents.ts
FN:8,getTeacherResidents
FNF:1
FNH:0
FNDA:0,getTeacherResidents
DA:9,0
DA:11,0
DA:19,0
DA:20,0
DA:22,0
LF:5
LH:0
BRDA:19,0,0,0
BRDA:19,0,1,0
BRDA:19,1,0,0
BRDA:19,1,1,0
BRF:4
BRH:0
end_of_record
TN:
SF:actions\teacher\seed.ts
FN:11,seedDummyTeachers
FNF:1
FNH:0
FNDA:0,seedDummyTeachers
DA:5,0
DA:12,0
DA:14,0
DA:15,0
DA:16,0
DA:17,0
DA:18,0
DA:21,0
LF:8
LH:0
BRF:0
BRH:0
end_of_record
TN:
SF:actions\teacher\update.ts
FN:21,updateTeacher
FNF:1
FNH:0
FNDA:0,updateTeacher
DA:11,0
DA:22,0
DA:25,0
DA:34,0
DA:37,0
DA:44,0
DA:53,0
DA:54,0
DA:57,0
DA:58,0
DA:60,0
DA:61,0
LF:12
LH:0
BRDA:26,0,0,0
BRDA:26,0,1,0
BRDA:27,1,0,0
BRDA:27,1,1,0
BRDA:28,2,0,0
BRDA:28,2,1,0
BRDA:29,3,0,0
BRDA:29,3,1,0
BRDA:30,4,0,0
BRDA:30,4,1,0
BRDA:53,5,0,0
BRDA:53,5,1,0
BRF:12
BRH:0
end_of_record
TN:
SF:actions\user\create.ts
FN:21,createUser
FNF:1
FNH:1
FNDA:11,createUser
DA:8,1
DA:22,11
DA:25,6
DA:38,6
DA:41,4
DA:48,4
DA:51,4
LF:7
LH:7
BRDA:26,0,0,6
BRDA:26,0,1,5
BRDA:27,1,0,6
BRDA:27,1,1,1
BRDA:28,2,0,6
BRDA:28,2,1,5
BRDA:29,3,0,6
BRDA:29,3,1,5
BRDA:30,4,0,6
BRDA:30,4,1,5
BRDA:31,5,0,6
BRDA:31,5,1,5
BRDA:32,6,0,6
BRDA:32,6,1,5
BRDA:33,7,0,6
BRDA:33,7,1,5
BRDA:43,8,0,1
BRDA:43,8,1,3
BRDA:44,9,0,1
BRDA:44,9,1,3
BRF:20
BRH:20
end_of_record
TN:
SF:actions\user\getRole.ts
FN:15,getRole
FN:34,getRoleAndArea
FNF:2
FNH:0
FNDA:0,getRole
FNDA:0,getRoleAndArea
DA:16,0
DA:17,0
DA:18,0
DA:20,0
DA:21,0
DA:26,0
DA:27,0
DA:28,0
DA:30,0
DA:35,0
DA:36,0
DA:37,0
DA:39,0
DA:40,0
DA:41,0
DA:43,0
DA:44,0
DA:45,0
DA:47,0
DA:50,0
DA:52,0
DA:59,0
LF:22
LH:0
BRDA:18,0,0,0
BRDA:18,0,1,0
BRDA:27,1,0,0
BRDA:27,1,1,0
BRDA:28,2,0,0
BRDA:28,2,1,0
BRDA:37,3,0,0
BRDA:37,3,1,0
BRDA:43,4,0,0
BRDA:43,4,1,0
BRDA:45,5,0,0
BRDA:45,5,1,0
BRDA:50,6,0,0
BRDA:50,6,1,0
BRDA:62,7,0,0
BRDA:62,7,1,0
BRF:16
BRH:0
end_of_record
TN:
SF:actions\user\getUser.ts
FN:7,getCurrentUser
FN:19,getUser
FNF:2
FNH:0
FNDA:0,getCurrentUser
FNDA:0,getUser
DA:8,0
DA:9,0
DA:11,0
DA:14,0
DA:15,0
DA:20,0
DA:21,0
DA:22,0
LF:8
LH:0
BRDA:11,0,0,0
BRDA:11,0,1,0
BRF:2
BRH:0
end_of_record
TN:
SF:actions\user\update.ts
FN:6,updateUser
FNF:1
FNH:0
FNDA:0,updateUser
DA:7,0
DA:8,0
DA:9,0
DA:10,0
DA:11,0
DA:12,0
DA:13,0
DA:15,0
DA:16,0
DA:19,0
DA:20,0
DA:21,0
DA:22,0
DA:23,0
DA:24,0
DA:26,0
DA:27,0
LF:17
LH:0
BRDA:15,0,0,0
BRDA:15,0,1,0
BRDA:15,1,0,0
BRDA:15,1,1,0
BRDA:20,2,0,0
BRDA:20,2,1,0
BRDA:21,3,0,0
BRDA:21,3,1,0
BRDA:22,4,0,0
BRDA:22,4,1,0
BRDA:23,5,0,0
BRDA:23,5,1,0
BRDA:24,6,0,0
BRDA:24,6,1,0
BRF:14
BRH:0
end_of_record
TN:
SF:lib\auth.ts
FN:27,(anonymous_0)
FN:35,(anonymous_1)
FNF:2
FNH:0
FNDA:0,(anonymous_0)
FNDA:0,(anonymous_1)
DA:7,0
DA:8,0
DA:10,0
DA:28,0
DA:29,0
DA:30,0
DA:31,0
DA:33,0
DA:36,0
DA:37,0
DA:38,0
DA:39,0
DA:40,0
DA:42,0
LF:14
LH:0
BRDA:28,0,0,0
BRDA:28,0,1,0
BRDA:36,1,0,0
BRDA:36,1,1,0
BRF:4
BRH:0
end_of_record
TN:
SF:lib\db.ts
FNF:0
FNH:0
DA:3,0
DA:5,0
DA:6,0
DA:9,0
DA:22,0
DA:25,0
DA:26,0
DA:27,0
DA:29,0
DA:32,0
DA:33,0
LF:11
LH:0
BRDA:5,0,0,0
BRDA:5,0,1,0
BRDA:22,1,0,0
BRDA:22,1,1,0
BRDA:25,2,0,0
BRDA:25,2,1,0
BRF:6
BRH:0
end_of_record
TN:
SF:lib\dbConnect.ts
FN:23,dbConnect
FN:33,(anonymous_1)
FNF:2
FNH:2
FNDA:11,dbConnect
FNDA:1,(anonymous_1)
DA:3,2
DA:13,2
DA:14,1
DA:17,1
DA:19,1
DA:20,1
DA:24,11
DA:25,10
DA:28,1
DA:29,1
DA:33,1
DA:34,1
DA:37,1
DA:38,1
LF:14
LH:14
BRDA:13,0,0,1
BRDA:13,0,1,1
BRDA:19,1,0,1
BRDA:19,1,1,0
BRDA:24,2,0,10
BRDA:24,2,1,1
BRDA:28,3,0,1
BRDA:28,3,1,0
BRF:8
BRH:6
end_of_record
TN:
SF:lib\utils.ts
FN:4,cn
FNF:1
FNH:0
FNDA:0,cn
DA:5,0
LF:1
LH:0
BRF:0
BRH:0
end_of_record
TN:
SF:lib\email\email-factory.strategy.ts
FN:14,(anonymous_0)
FNF:1
FNH:0
FNDA:0,(anonymous_0)
DA:15,0
DA:17,0
DA:19,0
DA:21,0
DA:23,0
DA:25,0
DA:29,0
LF:7
LH:0
BRDA:15,0,0,0
BRDA:15,0,1,0
BRDA:15,0,2,0
BRDA:15,0,3,0
BRDA:15,0,4,0
BRDA:15,0,5,0
BRF:6
BRH:0
end_of_record
TN:
SF:lib\email\email.service.ts
FN:14,(anonymous_0)
FN:27,(anonymous_1)
FN:74,(anonymous_2)
FN:82,(anonymous_3)
FN:96,(anonymous_4)
FN:107,(anonymous_5)
FNF:6
FNH:6
FNDA:24,(anonymous_0)
FNDA:17,(anonymous_1)
FNDA:2,(anonymous_2)
FNDA:3,(anonymous_3)
FNDA:1,(anonymous_4)
FNDA:1,(anonymous_5)
DA:16,24
DA:17,24
DA:18,1
DA:23,23
DA:24,23
DA:29,17
DA:33,17
DA:37,17
DA:43,17
DA:44,17
DA:45,17
DA:48,17
DA:49,17
DA:59,17
DA:60,14
DA:62,3
DA:63,2
DA:64,2
DA:66,1
DA:67,1
DA:75,2
DA:86,3
DA:100,1
DA:111,1
DA:119,1
LF:25
LH:25
BRDA:17,0,0,1
BRDA:17,0,1,23
BRDA:33,1,0,1
BRDA:33,1,1,16
BRDA:35,2,0,16
BRDA:35,2,1,1
BRDA:40,3,0,17
BRDA:40,3,1,16
BRDA:48,4,0,17
BRDA:48,4,1,16
BRDA:48,4,2,1
BRDA:62,5,0,2
BRDA:62,5,1,1
BRDA:89,6,0,2
BRDA:89,6,1,1
BRF:15
BRH:15
end_of_record
TN:
SF:lib\email\events\email.event.ts
FN:12,(anonymous_0)
FNF:1
FNH:0
FNDA:0,(anonymous_0)
LF:0
LH:0
BRF:0
BRH:0
end_of_record
TN:
SF:lib\email\strategies\new-role-assigned.strategy.ts
FN:5,(anonymous_0)
FN:22,(anonymous_1)
FNF:2
FNH:2
FNDA:1,(anonymous_0)
FNDA:2,(anonymous_1)
DA:6,1
DA:7,1
DA:10,0
DA:23,2
LF:4
LH:3
BRDA:6,0,0,1
BRDA:6,0,1,0
BRDA:6,1,0,1
BRDA:6,1,1,1
BRDA:13,2,0,0
BRDA:13,2,1,0
BRF:6
BRH:3
end_of_record
TN:
SF:lib\email\strategies\new-user-welcome.strategy.ts
FN:11,(anonymous_0)
FN:22,(anonymous_1)
FNF:2
FNH:2
FNDA:4,(anonymous_0)
FNDA:2,(anonymous_1)
DA:12,4
DA:13,1
DA:16,3
DA:23,2
LF:4
LH:4
BRDA:12,0,0,1
BRDA:12,0,1,3
BRDA:17,1,0,3
BRDA:17,1,1,2
BRF:4
BRH:4
end_of_record
TN:
SF:lib\email\strategies\record-corrected.strategy.ts
FN:5,(anonymous_0)
FN:28,(anonymous_1)
FNF:2
FNH:2
FNDA:1,(anonymous_0)
FNDA:2,(anonymous_1)
DA:6,1
DA:7,0
DA:11,1
DA:29,2
LF:4
LH:3
BRDA:6,0,0,0
BRDA:6,0,1,1
BRDA:6,1,0,1
BRDA:6,1,1,1
BRDA:19,2,0,1
BRDA:19,2,1,0
BRF:6
BRH:4
end_of_record
TN:
SF:lib\email\strategies\record-pending-review.strategy.ts
FN:5,(anonymous_0)
FN:24,(anonymous_1)
FNF:2
FNH:2
FNDA:1,(anonymous_0)
FNDA:2,(anonymous_1)
DA:6,1
DA:7,1
DA:10,0
DA:25,2
LF:4
LH:3
BRDA:6,0,0,1
BRDA:6,0,1,0
BRDA:6,1,0,1
BRDA:6,1,1,0
BRF:4
BRH:2
end_of_record
TN:
SF:lib\email\types\email-data.types.ts
FNF:0
FNH:0
LF:0
LH:0
BRF:0
BRH:0
end_of_record
TN:
SF:lib\email\types\email-types.enum.ts
FNF:0
FNH:0
LF:0
LH:0
BRF:0
BRH:0
end_of_record
TN:
SF:models\Area.ts
FNF:0
FNH:0
DA:15,0
DA:25,0
LF:2
LH:0
BRDA:25,0,0,0
BRDA:25,0,1,0
BRF:2
BRH:0
end_of_record
TN:
SF:models\Record.ts
FNF:0
FNH:0
DA:39,0
DA:78,0
LF:2
LH:0
BRDA:78,0,0,0
BRDA:78,0,1,0
BRF:2
BRH:0
end_of_record
TN:
SF:models\Resident.ts
FNF:0
FNH:0
DA:14,0
DA:23,0
LF:2
LH:0
BRDA:23,0,0,0
BRDA:23,0,1,0
BRF:2
BRH:0
end_of_record
TN:
SF:models\Surgery.ts
FNF:0
FNH:0
DA:22,0
DA:44,0
LF:2
LH:0
BRDA:44,0,0,0
BRDA:44,0,1,0
BRF:2
BRH:0
end_of_record
TN:
SF:models\Teacher.ts
FNF:0
FNH:0
DA:14,0
DA:23,0
LF:2
LH:0
BRDA:23,0,0,0
BRDA:23,0,1,0
BRF:2
BRH:0
end_of_record
TN:
SF:models\User.ts
FNF:0
FNH:0
DA:19,0
DA:34,0
LF:2
LH:0
BRDA:34,0,0,0
BRDA:34,0,1,0
BRF:2
BRH:0
end_of_record
TN:
SF:utils\colors.ts
FN:33,isTailwindColor
FNF:1
FNH:1
FNDA:58,isTailwindColor
DA:6,1
DA:28,1
DA:34,58
LF:3
LH:3
BRDA:34,0,0,58
BRDA:34,0,1,52
BRF:2
BRH:2
end_of_record
TN:
SF:utils\initials.ts
FN:2,getInitials
FN:6,(anonymous_1)
FNF:2
FNH:2
FNDA:34,getInitials
FNDA:66,(anonymous_1)
DA:3,34
DA:6,66
LF:2
LH:2
BRDA:6,0,0,66
BRDA:6,0,1,3
BRF:2
BRH:2
end_of_record
TN:
SF:utils\phone.ts
FN:1,formatPhone
FNF:1
FNH:1
FNDA:40,formatPhone
DA:2,40
DA:3,40
DA:4,26
DA:6,14
LF:4
LH:4
BRDA:3,0,0,26
BRDA:3,0,1,14
BRF:2
BRH:2
end_of_record
TN:
SF:utils\rut.ts
FN:2,cleanRut
FN:10,calculateVerifierDigit
FN:37,formatRut
FN:65,validateRut
FNF:4
FNH:4
FNDA:6154,cleanRut
FNDA:4117,calculateVerifierDigit
FNDA:2034,formatRut
FNDA:3105,validateRut
DA:3,6154
DA:4,8
DA:6,6146
DA:11,4117
DA:12,3
DA:15,4114
DA:16,4114
DA:19,4114
DA:20,32786
DA:22,32786
DA:25,4114
DA:26,4114
DA:28,4114
DA:29,275
DA:30,3839
DA:31,287
DA:33,3552
DA:38,2034
DA:39,4
DA:43,2030
DA:44,2
DA:48,2028
DA:50,2028
DA:51,0
DA:55,2028
DA:56,2028
DA:59,2028
DA:62,2028
DA:67,3105
DA:68,9
DA:72,3096
DA:75,3096
DA:76,8
DA:80,3088
DA:81,2
DA:84,3086
DA:85,3086
DA:88,3086
DA:89,0
DA:93,3086
DA:95,3086
LF:41
LH:39
BRDA:3,0,0,8
BRDA:3,0,1,6146
BRDA:3,1,0,6154
BRDA:3,1,1,6146
BRDA:11,2,0,3
BRDA:11,2,1,4114
BRDA:11,3,0,4117
BRDA:11,3,1,4114
BRDA:22,4,0,4101
BRDA:22,4,1,28685
BRDA:28,5,0,275
BRDA:28,5,1,3839
BRDA:30,6,0,287
BRDA:30,6,1,3552
BRDA:38,7,0,4
BRDA:38,7,1,2030
BRDA:38,8,0,2034
BRDA:38,8,1,2030
BRDA:43,9,0,2
BRDA:43,9,1,2028
BRDA:50,10,0,0
BRDA:50,10,1,2028
BRDA:67,11,0,9
BRDA:67,11,1,3096
BRDA:67,12,0,3105
BRDA:67,12,1,3099
BRDA:75,13,0,8
BRDA:75,13,1,3088
BRDA:80,14,0,2
BRDA:80,14,1,3086
BRDA:88,15,0,0
BRDA:88,15,1,3086
BRF:32
BRH:30
end_of_record
TN:
SF:utils\validation.ts
FN:6,isISurgery
FN:10,isITeacher
FN:14,isIUser
FN:18,isIResident
FN:25,validateEmail
FN:55,validatePassword
FN:89,validateRut
FNF:7
FNH:3
FNDA:0,isISurgery
FNDA:0,isITeacher
FNDA:0,isIUser
FNDA:0,isIResident
FNDA:1042,validateEmail
FNDA:1072,validatePassword
FNDA:1027,validateRut
DA:7,0
DA:11,0
DA:15,0
DA:19,0
DA:26,1042
DA:27,3
DA:30,1039
DA:31,1039
DA:32,1
DA:36,1038
DA:39,1038
DA:40,1036
DA:41,1034
DA:42,1033
DA:43,1029
DA:45,1025
DA:46,1025
DA:47,1022
DA:48,1021
DA:49,1021
DA:51,1021
DA:56,1072
DA:57,3
DA:61,1069
DA:62,8
DA:66,1061
DA:67,6
DA:71,1055
DA:72,5
DA:76,1050
DA:77,2
DA:81,1048
DA:82,2
DA:85,1046
DA:90,1027
DA:91,3
DA:95,1024
LF:37
LH:33
BRDA:7,0,0,0
BRDA:7,0,1,0
BRDA:7,0,2,0
BRDA:11,1,0,0
BRDA:11,1,1,0
BRDA:11,1,2,0
BRDA:15,2,0,0
BRDA:15,2,1,0
BRDA:15,2,2,0
BRDA:20,3,0,0
BRDA:20,3,1,0
BRDA:20,3,2,0
BRDA:26,4,0,3
BRDA:26,4,1,1039
BRDA:26,5,0,1042
BRDA:26,5,1,1039
BRDA:31,6,0,1
BRDA:31,6,1,1038
BRDA:39,7,0,2
BRDA:39,7,1,1036
BRDA:40,8,0,2
BRDA:40,8,1,1034
BRDA:41,9,0,1
BRDA:41,9,1,1033
BRDA:42,10,0,4
BRDA:42,10,1,1029
BRDA:42,11,0,1033
BRDA:42,11,1,1030
BRDA:43,12,0,4
BRDA:43,12,1,1025
BRDA:43,13,0,1029
BRDA:43,13,1,2
BRDA:46,14,0,3
BRDA:46,14,1,1022
BRDA:46,15,0,1025
BRDA:46,15,1,1023
BRDA:47,16,0,1
BRDA:47,16,1,1021
BRDA:47,17,0,1022
BRDA:47,17,1,1021
BRDA:48,18,0,0
BRDA:48,18,1,1021
BRDA:48,19,0,1021
BRDA:48,19,1,1021
BRDA:49,20,0,0
BRDA:49,20,1,1021
BRDA:49,21,0,1021
BRDA:49,21,1,1021
BRDA:56,22,0,3
BRDA:56,22,1,1069
BRDA:56,23,0,1072
BRDA:56,23,1,1069
BRDA:61,24,0,8
BRDA:61,24,1,1061
BRDA:66,25,0,6
BRDA:66,25,1,1055
BRDA:71,26,0,5
BRDA:71,26,1,1050
BRDA:76,27,0,2
BRDA:76,27,1,1048
BRDA:81,28,0,2
BRDA:81,28,1,1046
BRDA:90,29,0,3
BRDA:90,29,1,1024
BRDA:90,30,0,1027
BRDA:90,30,1,1024
BRF:66
BRH:52
end_of_record
TN:
SF:utils\enums\ModalMessageAsEnum.ts
FNF:0
FNH:0
LF:0
LH:0
BRF:0
BRH:0
end_of_record
